YAML configuration file "kairos_plus_plus.yml" is valid
Task dependency graph is valid: ['build_graphs', 'build_random_walks', 'embed_nodes', 'embed_edges', 'gnn_training', 'gnn_testing', 'node_evaluation']

YAML configuration
{'detection': {'gnn_testing': {'threshold_method': 'str'},
               'gnn_training': {'lr': 1e-06,
                                'node_hid_dim': 64,
                                'node_out_dim': 64,
                                'num_epochs': 50,
                                'tgn_batch_size': 1024,
                                'tgn_neighbor_size': 20,
                                'tgn_memory_dim': 100,
                                'tgn_time_dim': 100,
                                'weight_decay': 0.01},
               'node_evaluation': {'threshold_method': 'max_val_loss',
                                   'use_dst_node_loss': True,
                                   'use_mean_node_loss': False}},
 'featurization': {'build_random_walks': {'num_walks': 10, 'walk_length': 30},
                   'embed_edges': {'include_edge_type': True},
                   'embed_nodes': {'add_paths': False,
                                   'compute_loss': True,
                                   'context_window_size': 5,
                                   'emb_dim': 128,
                                   'epochs': 5,
                                   'min_count': 0,
                                   'num_workers': 6,
                                   'use_skip_gram': True}},
 'preprocessing': {'build_graphs': {'time_window_size': 15}}}
YAML configuration file "kairos_plus_plus.yml" is valid
Task dependency graph is valid: ['build_graphs', 'build_random_walks', 'embed_nodes', 'embed_edges', 'gnn_training', 'gnn_testing', 'node_evaluation']

YAML configuration
{'detection': {'gnn_testing': {'threshold_method': 'str'},
               'gnn_training': {'lr': 1e-06,
                                'node_hid_dim': 64,
                                'node_out_dim': 64,
                                'num_epochs': 50,
                                'tgn_batch_size': 1024,
                                'tgn_neighbor_size': 20,
                                'tgn_memory_dim': 100,
                                'tgn_time_dim': 100,
                                'weight_decay': 0.01},
               'node_evaluation': {'threshold_method': 'max_val_loss',
                                   'use_dst_node_loss': True,
                                   'use_mean_node_loss': False}},
 'featurization': {'build_random_walks': {'num_walks': 10, 'walk_length': 30},
                   'embed_edges': {'include_edge_type': True},
                   'embed_nodes': {'add_paths': False,
                                   'compute_loss': True,
                                   'context_window_size': 5,
                                   'emb_dim': 128,
                                   'epochs': 5,
                                   'min_count': 0,
                                   'num_workers': 6,
                                   'use_skip_gram': True}},
 'preprocessing': {'build_graphs': {'time_window_size': 15}}}

****************************************************************************************************
Tasks modified since last runs:
build_graphs(False)  =>  build_random_walks(False)  =>  embed_nodes(True)  =>  embed_edges(True)  =>  gnn_training(True)  =>  gnn_testing(True)  =>  node_evaluation(True)

Tasks requiring re-execution:
build_graphs(False)  =>  build_random_walks(False)  =>  embed_nodes(True)  =>  embed_edges(True)  =>  gnn_training(True)  =>  gnn_testing(True)  =>  node_evaluation(True)
****************************************************************************************************

train-2018-04-03 10:02:14.348882872~2018-04-03 10:17:18.001238907.csv
train-2018-04-03 10:17:18.001238907~2018-04-03 10:32:32.001241777.csv
train-2018-04-03 10:32:32.001241777~2018-04-03 10:47:33.500632070.csv
train-2018-04-03 10:47:33.500632070~2018-04-03 11:02:51.362986387.csv
train-2018-04-03 11:02:51.362986387~2018-04-03 11:17:53.332070373.csv
train-2018-04-03 11:17:53.332070373~2018-04-03 11:33:05.002099710.csv
train-2018-04-03 11:33:05.002099710~2018-04-03 11:48:16.210041730.csv
train-2018-04-03 11:48:16.210041730~2018-04-03 12:03:29.001893490.csv
train-2018-04-03 12:03:29.001893490~2018-04-03 12:18:33.002023414.csv
train-2018-04-03 12:18:33.002023414~2018-04-03 12:33:53.819101955.csv
train-2018-04-03 12:33:53.819101955~2018-04-03 12:48:59.002192604.csv
train-2018-04-03 12:48:59.002192604~2018-04-03 13:04:04.001834577.csv
train-2018-04-03 13:04:04.001834577~2018-04-03 13:19:15.594191831.csv
train-2018-04-03 13:19:15.594191831~2018-04-03 13:34:32.512974095.csv
train-2018-04-03 13:34:32.512974095~2018-04-03 13:49:34.934330170.csv
train-2018-04-03 13:49:34.934330170~2018-04-03 14:04:47.172696136.csv
train-2018-04-03 14:04:47.172696136~2018-04-03 14:19:53.124663613.csv
train-2018-04-03 14:19:53.124663613~2018-04-03 14:34:55.999235027.csv
train-2018-04-03 14:34:55.999235027~2018-04-03 14:49:57.651686172.csv
train-2018-04-03 14:49:57.651686172~2018-04-03 15:05:34.237117223.csv
train-2018-04-03 15:05:34.237117223~2018-04-03 15:20:42.953600885.csv
train-2018-04-03 15:20:42.953600885~2018-04-03 15:36:14.414975242.csv
train-2018-04-03 15:36:14.414975242~2018-04-03 15:51:18.289827182.csv
train-2018-04-03 15:51:18.289827182~2018-04-03 16:06:35.256084186.csv
train-2018-04-03 16:06:35.256084186~2018-04-03 16:21:44.001616013.csv
train-2018-04-03 16:21:44.001616013~2018-04-03 16:37:19.359185210.csv
train-2018-04-03 16:37:19.359185210~2018-04-03 16:52:26.457577469.csv
train-2018-04-03 16:52:26.457577469~2018-04-03 17:07:38.661546136.csv
train-2018-04-03 17:07:38.661546136~2018-04-03 17:23:06.569289260.csv
train-2018-04-03 17:23:06.569289260~2018-04-03 17:38:15.001374535.csv
train-2018-04-03 17:38:15.001374535~2018-04-03 17:53:17.244430535.csv
train-2018-04-03 17:53:17.244430535~2018-04-03 18:08:21.416840032.csv
train-2018-04-03 18:08:21.416840032~2018-04-03 18:23:28.606275294.csv
train-2018-04-03 18:23:28.606275294~2018-04-03 18:38:40.973194562.csv
train-2018-04-03 18:38:40.973194562~2018-04-03 18:53:49.001900217.csv
train-2018-04-03 18:53:49.001900217~2018-04-03 19:08:52.820807846.csv
train-2018-04-03 19:08:52.820807846~2018-04-03 19:24:03.196334753.csv
train-2018-04-03 19:24:03.196334753~2018-04-03 19:39:05.629818869.csv
train-2018-04-03 19:39:05.629818869~2018-04-03 19:54:09.388338553.csv
train-2018-04-03 19:54:09.388338553~2018-04-03 20:09:12.070855065.csv
train-2018-04-03 20:09:12.070855065~2018-04-03 20:24:21.669433481.csv
train-2018-04-03 20:24:21.669433481~2018-04-03 20:39:30.551253305.csv
train-2018-04-03 20:39:30.551253305~2018-04-03 20:54:30.569097441.csv
train-2018-04-03 20:54:30.569097441~2018-04-03 21:09:30.714464291.csv
train-2018-04-03 21:09:30.714464291~2018-04-03 21:24:30.869329717.csv
train-2018-04-03 21:24:30.869329717~2018-04-03 21:39:58.998920203.csv
train-2018-04-03 21:39:58.998920203~2018-04-03 21:55:59.314300034.csv
train-2018-04-03 21:55:59.314300034~2018-04-03 22:12:02.962487601.csv
train-2018-04-03 22:12:02.962487601~2018-04-03 22:28:03.006292866.csv
train-2018-04-03 22:28:03.006292866~2018-04-03 22:44:27.203931048.csv
train-2018-04-03 22:44:27.203931048~2018-04-03 23:00:27.485371652.csv
train-2018-04-03 23:00:27.485371652~2018-04-03 23:16:35.002014896.csv
train-2018-04-03 23:16:35.002014896~2018-04-03 23:32:28.029433500.csv
train-2018-04-03 23:32:28.029433500~2018-04-03 23:48:57.905155823.csv
train-2018-04-04 00:00:00.001798512~2018-04-04 00:15:02.183888823.csv
train-2018-04-04 00:15:02.183888823~2018-04-04 00:30:24.096997514.csv
train-2018-04-04 00:30:24.096997514~2018-04-04 00:45:25.001212079.csv
train-2018-04-04 00:45:25.001212079~2018-04-04 01:01:03.124536794.csv
train-2018-04-04 01:01:03.124536794~2018-04-04 01:16:29.718855775.csv
train-2018-04-04 01:16:29.718855775~2018-04-04 01:31:46.669469955.csv
train-2018-04-04 01:31:46.669469955~2018-04-04 01:47:04.124927290.csv
train-2018-04-04 01:47:04.124927290~2018-04-04 02:02:26.718474015.csv
train-2018-04-04 02:02:26.718474015~2018-04-04 02:17:47.001468714.csv
train-2018-04-04 02:17:47.001468714~2018-04-04 02:33:31.003206414.csv
train-2018-04-04 02:33:31.003206414~2018-04-04 02:48:32.002501184.csv
train-2018-04-04 02:48:32.002501184~2018-04-04 03:04:02.963681795.csv
train-2018-04-04 03:04:02.963681795~2018-04-04 03:19:09.002214210.csv
train-2018-04-04 03:19:09.002214210~2018-04-04 03:34:31.986149664.csv
train-2018-04-04 03:34:31.986149664~2018-04-04 03:49:55.001878705.csv
train-2018-04-04 03:49:55.001878705~2018-04-04 04:05:07.101687659.csv
train-2018-04-04 04:05:07.101687659~2018-04-04 04:20:15.001601261.csv
train-2018-04-04 04:20:15.001601261~2018-04-04 04:35:37.001601652.csv
train-2018-04-04 04:35:37.001601652~2018-04-04 04:51:02.971354347.csv
train-2018-04-04 04:51:02.971354347~2018-04-04 05:06:10.001938051.csv
train-2018-04-04 05:06:10.001938051~2018-04-04 05:21:16.655131765.csv
train-2018-04-04 05:21:16.655131765~2018-04-04 05:36:45.001311573.csv
train-2018-04-04 05:36:45.001311573~2018-04-04 05:52:09.450660750.csv
train-2018-04-04 05:52:09.450660750~2018-04-04 06:07:34.001288516.csv
train-2018-04-04 06:07:34.001288516~2018-04-04 06:22:36.002102957.csv
train-2018-04-04 06:22:36.002102957~2018-04-04 06:37:53.867111983.csv
train-2018-04-04 06:37:53.867111983~2018-04-04 06:53:10.812660537.csv
train-2018-04-04 06:53:10.812660537~2018-04-04 07:08:43.958066758.csv
train-2018-04-04 07:08:43.958066758~2018-04-04 07:24:03.008913069.csv
train-2018-04-04 07:24:03.008913069~2018-04-04 07:39:34.002417344.csv
train-2018-04-04 07:39:34.002417344~2018-04-04 07:55:25.001632042.csv
train-2018-04-04 07:55:25.001632042~2018-04-04 08:10:45.002330297.csv
train-2018-04-04 08:10:45.002330297~2018-04-04 08:26:02.925994957.csv
train-2018-04-04 08:26:02.925994957~2018-04-04 08:41:27.001271428.csv
train-2018-04-04 08:41:27.001271428~2018-04-04 08:56:40.907467925.csv
train-2018-04-04 08:56:40.907467925~2018-04-04 09:11:41.001943904.csv
train-2018-04-04 09:11:41.001943904~2018-04-04 09:26:58.001727917.csv
train-2018-04-04 09:26:58.001727917~2018-04-04 09:42:03.058383690.csv
train-2018-04-04 09:42:03.058383690~2018-04-04 09:57:19.001422297.csv
train-2018-04-04 09:57:19.001422297~2018-04-04 10:12:28.023110251.csv
train-2018-04-04 10:12:28.023110251~2018-04-04 10:27:30.131151959.csv
train-2018-04-04 10:27:30.131151959~2018-04-04 10:43:38.702665250.csv
train-2018-04-04 10:43:38.702665250~2018-04-04 10:58:52.553236194.csv
train-2018-04-04 10:58:52.553236194~2018-04-04 11:14:23.498478113.csv
train-2018-04-04 11:14:23.498478113~2018-04-04 11:29:35.062466640.csv
train-2018-04-04 11:29:35.062466640~2018-04-04 11:44:50.808632454.csv
train-2018-04-04 11:44:50.808632454~2018-04-04 12:00:09.876716999.csv
train-2018-04-04 12:00:09.876716999~2018-04-04 12:15:09.944045134.csv
train-2018-04-04 12:15:09.944045134~2018-04-04 12:30:16.206614768.csv
train-2018-04-04 12:30:16.206614768~2018-04-04 12:45:18.301147222.csv
train-2018-04-04 12:45:18.301147222~2018-04-04 13:00:38.001727296.csv
train-2018-04-04 13:00:38.001727296~2018-04-04 13:15:40.123215005.csv
train-2018-04-04 13:15:40.123215005~2018-04-04 13:30:40.210225242.csv
train-2018-04-04 13:30:40.210225242~2018-04-04 13:45:41.671864224.csv
train-2018-04-04 13:45:41.671864224~2018-04-04 14:00:43.709759504.csv
train-2018-04-04 14:00:43.709759504~2018-04-04 14:15:45.474375718.csv
train-2018-04-04 14:15:45.474375718~2018-04-04 14:30:47.514289951.csv
train-2018-04-04 14:30:47.514289951~2018-04-04 14:45:50.692479532.csv
train-2018-04-04 14:45:50.692479532~2018-04-04 15:01:02.208070987.csv
train-2018-04-04 15:01:02.208070987~2018-04-04 15:16:08.448151527.csv
train-2018-04-04 15:16:08.448151527~2018-04-04 15:31:13.489869469.csv
train-2018-04-04 15:31:13.489869469~2018-04-04 15:46:21.051082676.csv
train-2018-04-04 15:46:21.051082676~2018-04-04 16:01:29.001477091.csv
train-2018-04-04 16:01:29.001477091~2018-04-04 16:16:52.001195518.csv
train-2018-04-04 16:16:52.001195518~2018-04-04 16:32:09.876683838.csv
train-2018-04-04 16:32:09.876683838~2018-04-04 16:47:20.753759808.csv
train-2018-04-04 16:47:20.753759808~2018-04-04 17:02:28.402239508.csv
train-2018-04-04 17:02:28.402239508~2018-04-04 17:17:29.036477549.csv
train-2018-04-04 17:17:29.036477549~2018-04-04 17:32:29.717646547.csv
train-2018-04-04 17:32:29.717646547~2018-04-04 17:47:37.002116579.csv
train-2018-04-04 17:47:37.002116579~2018-04-04 18:03:15.001825198.csv
train-2018-04-04 18:03:15.001825198~2018-04-04 18:18:49.002192071.csv
train-2018-04-04 18:18:49.002192071~2018-04-04 18:35:02.002449689.csv
train-2018-04-04 18:35:02.002449689~2018-04-04 18:51:08.002065774.csv
train-2018-04-04 18:51:08.002065774~2018-04-04 19:07:22.002476851.csv
train-2018-04-04 19:07:22.002476851~2018-04-04 19:23:22.002179975.csv
train-2018-04-04 19:23:22.002179975~2018-04-04 19:38:33.002033796.csv
train-2018-04-04 19:38:33.002033796~2018-04-04 19:54:36.487375517.csv
train-2018-04-04 19:54:36.487375517~2018-04-04 20:09:37.215048006.csv
train-2018-04-04 20:09:37.215048006~2018-04-04 20:25:36.002194754.csv
train-2018-04-04 20:25:36.002194754~2018-04-04 20:41:38.866491692.csv
train-2018-04-04 20:41:38.866491692~2018-04-04 20:57:41.898603997.csv
train-2018-04-04 20:57:41.898603997~2018-04-04 21:13:45.877945571.csv
train-2018-04-04 21:13:45.877945571~2018-04-04 21:29:39.002164334.csv
train-2018-04-04 21:29:39.002164334~2018-04-04 21:45:42.273139703.csv
train-2018-04-04 21:45:42.273139703~2018-04-04 22:01:31.002585195.csv
train-2018-04-04 22:01:31.002585195~2018-04-04 22:17:19.002206443.csv
train-2018-04-04 22:17:19.002206443~2018-04-04 22:33:28.003448224.csv
train-2018-04-04 22:33:28.003448224~2018-04-04 22:49:33.002225602.csv
train-2018-04-04 22:49:33.002225602~2018-04-04 23:05:39.002538361.csv
train-2018-04-04 23:05:39.002538361~2018-04-04 23:21:12.339163793.csv
train-2018-04-04 23:21:12.339163793~2018-04-04 23:36:13.002317996.csv
train-2018-04-04 23:36:13.002317996~2018-04-04 23:52:27.002198083.csv
train-2018-04-05 00:00:00.001766694~2018-04-05 00:15:52.002307329.csv
train-2018-04-05 00:15:52.002307329~2018-04-05 00:31:52.024494565.csv
train-2018-04-05 00:31:52.024494565~2018-04-05 00:47:36.024005559.csv
train-2018-04-05 00:47:36.024005559~2018-04-05 01:03:06.002443934.csv
train-2018-04-05 01:03:06.002443934~2018-04-05 01:18:54.980307164.csv
train-2018-04-05 01:18:54.980307164~2018-04-05 01:34:55.952763890.csv
train-2018-04-05 01:34:55.952763890~2018-04-05 01:50:56.808303555.csv
train-2018-04-05 01:50:56.808303555~2018-04-05 02:06:51.721816872.csv
train-2018-04-05 02:06:51.721816872~2018-04-05 02:22:26.538163329.csv
train-2018-04-05 02:22:26.538163329~2018-04-05 02:38:04.171005195.csv
train-2018-04-05 02:38:04.171005195~2018-04-05 02:54:11.925659850.csv
train-2018-04-05 02:54:11.925659850~2018-04-05 03:10:01.698994749.csv
train-2018-04-05 03:10:01.698994749~2018-04-05 03:26:02.542986116.csv
train-2018-04-05 03:26:02.542986116~2018-04-05 03:41:58.002449826.csv
train-2018-04-05 03:41:58.002449826~2018-04-05 03:58:02.002020117.csv
train-2018-04-05 03:58:02.002020117~2018-04-05 04:13:29.002011495.csv
train-2018-04-05 04:13:29.002011495~2018-04-05 04:29:06.467254832.csv
train-2018-04-05 04:29:06.467254832~2018-04-05 04:45:07.426835331.csv
train-2018-04-05 04:45:07.426835331~2018-04-05 05:01:02.927962323.csv
train-2018-04-05 05:01:02.927962323~2018-04-05 05:17:01.054492644.csv
train-2018-04-05 05:17:01.054492644~2018-04-05 05:32:55.002176498.csv
train-2018-04-05 05:32:55.002176498~2018-04-05 05:49:02.932980581.csv
train-2018-04-05 05:49:02.932980581~2018-04-05 06:04:38.491329568.csv
train-2018-04-05 06:04:38.491329568~2018-04-05 06:20:13.151080463.csv
train-2018-04-05 06:20:13.151080463~2018-04-05 06:35:44.002327793.csv
train-2018-04-05 06:35:44.002327793~2018-04-05 06:51:19.002341972.csv
train-2018-04-05 06:51:19.002341972~2018-04-05 07:07:05.002471358.csv
train-2018-04-05 07:07:05.002471358~2018-04-05 07:22:31.928730436.csv
train-2018-04-05 07:22:31.928730436~2018-04-05 07:38:21.002290610.csv
train-2018-04-05 07:38:21.002290610~2018-04-05 07:54:18.738954350.csv
train-2018-04-05 07:54:18.738954350~2018-04-05 08:10:11.002042585.csv
train-2018-04-05 08:10:11.002042585~2018-04-05 08:25:49.002523881.csv
train-2018-04-05 08:25:49.002523881~2018-04-05 08:41:20.799168587.csv
train-2018-04-05 08:41:20.799168587~2018-04-05 08:57:03.005267786.csv
train-2018-04-05 08:57:03.005267786~2018-04-05 09:12:08.002023089.csv
train-2018-04-05 09:12:08.002023089~2018-04-05 09:27:15.668895939.csv
train-2018-04-05 09:27:15.668895939~2018-04-05 09:42:52.574281733.csv
train-2018-04-05 09:42:52.574281733~2018-04-05 09:58:20.259492439.csv
train-2018-04-05 09:58:20.259492439~2018-04-05 10:14:41.002126033.csv
train-2018-04-05 10:14:41.002126033~2018-04-05 10:29:41.187230239.csv
train-2018-04-05 10:29:41.187230239~2018-04-05 10:44:42.106240130.csv
train-2018-04-05 10:44:42.106240130~2018-04-05 11:01:19.002039091.csv
train-2018-04-05 11:01:19.002039091~2018-04-05 11:16:55.010346889.csv
train-2018-04-05 11:16:55.010346889~2018-04-05 11:42:09.841277799.csv
train-2018-04-05 11:42:09.841277799~2018-04-05 11:57:55.210413274.csv
train-2018-04-05 11:57:55.210413274~2018-04-05 12:12:55.313759691.csv
train-2018-04-05 12:12:55.313759691~2018-04-05 12:28:25.356188435.csv
val-2018-04-09 08:46:55.004734360~2018-04-09 09:03:27.001261034.csv
val-2018-04-09 09:03:27.001261034~2018-04-09 09:20:17.001345817.csv
val-2018-04-09 09:20:17.001345817~2018-04-09 09:35:55.001350326.csv
val-2018-04-09 09:35:55.001350326~2018-04-09 09:50:58.221677397.csv
val-2018-04-09 09:50:58.221677397~2018-04-09 10:07:56.650129637.csv
val-2018-04-09 10:07:56.650129637~2018-04-09 10:23:03.001384435.csv
val-2018-04-09 10:23:03.001384435~2018-04-09 10:42:01.261619660.csv
val-2018-04-09 10:42:01.261619660~2018-04-09 10:59:23.001281339.csv
val-2018-04-09 10:59:23.001281339~2018-04-09 11:15:20.001360331.csv
val-2018-04-09 11:15:20.001360331~2018-04-09 11:30:54.551723754.csv
val-2018-04-09 11:30:54.551723754~2018-04-09 11:48:59.353221988.csv
val-2018-04-09 11:48:59.353221988~2018-04-09 12:04:18.001316565.csv
val-2018-04-09 12:04:18.001316565~2018-04-09 12:21:32.001341289.csv
val-2018-04-09 12:21:32.001341289~2018-04-09 12:40:17.419406202.csv
val-2018-04-09 12:40:17.419406202~2018-04-09 12:58:28.001107369.csv
val-2018-04-09 12:58:28.001107369~2018-04-09 13:16:06.001366100.csv
val-2018-04-09 13:16:06.001366100~2018-04-09 13:31:43.001347672.csv
val-2018-04-09 13:31:43.001347672~2018-04-09 13:47:54.001288382.csv
val-2018-04-09 13:47:54.001288382~2018-04-09 14:03:54.001366698.csv
val-2018-04-09 14:03:54.001366698~2018-04-09 14:19:15.630869373.csv
val-2018-04-09 14:19:15.630869373~2018-04-09 14:35:13.845458930.csv
val-2018-04-09 14:35:13.845458930~2018-04-09 14:53:46.001305589.csv
val-2018-04-09 14:53:46.001305589~2018-04-09 15:09:15.697836481.csv
val-2018-04-09 15:09:15.697836481~2018-04-09 15:25:25.001296930.csv
val-2018-04-09 15:25:25.001296930~2018-04-09 15:43:17.529345145.csv
val-2018-04-09 15:43:17.529345145~2018-04-09 16:02:36.001359278.csv
val-2018-04-09 16:02:36.001359278~2018-04-09 16:20:19.532429877.csv
val-2018-04-09 16:20:19.532429877~2018-04-09 16:35:20.351585422.csv
val-2018-04-09 16:35:20.351585422~2018-04-09 16:50:31.001389513.csv
val-2018-04-09 16:50:31.001389513~2018-04-09 17:21:00.120992518.csv
val-2018-04-09 17:21:00.120992518~2018-04-09 17:36:11.120201775.csv
val-2018-04-09 17:36:11.120201775~2018-04-09 17:53:19.640945095.csv
val-2018-04-09 17:53:19.640945095~2018-04-09 18:08:26.001375582.csv
test-2018-04-10 12:44:33.449564893~2018-04-10 13:00:02.615894029.csv
test-2018-04-10 13:00:02.615894029~2018-04-10 13:15:49.002066998.csv
test-2018-04-10 13:15:49.002066998~2018-04-10 13:31:11.753518345.csv
test-2018-04-10 13:31:11.753518345~2018-04-10 13:46:38.001612377.csv
test-2018-04-10 13:46:38.001612377~2018-04-10 14:02:26.001346583.csv
test-2018-04-10 14:02:26.001346583~2018-04-10 14:18:50.641683397.csv
test-2018-04-10 14:18:50.641683397~2018-04-10 14:34:12.001897298.csv
test-2018-04-10 14:34:12.001897298~2018-04-10 14:49:12.508890812.csv
test-2018-04-10 14:49:12.508890812~2018-04-10 15:04:20.772713218.csv
test-2018-04-10 15:04:20.772713218~2018-04-10 15:20:57.001950599.csv
test-2018-04-10 15:20:57.001950599~2018-04-10 15:37:40.002333595.csv
test-2018-04-10 15:37:40.002333595~2018-04-10 15:54:28.001367507.csv
test-2018-04-10 15:54:28.001367507~2018-04-10 16:09:30.861580612.csv
test-2018-04-10 16:09:30.861580612~2018-04-10 16:24:40.402676991.csv
test-2018-04-10 16:24:40.402676991~2018-04-10 16:39:50.001922431.csv
test-2018-04-10 16:39:50.001922431~2018-04-10 16:54:52.990600794.csv
test-2018-04-10 16:54:52.990600794~2018-04-10 17:10:07.274785755.csv
test-2018-04-10 17:10:07.274785755~2018-04-10 17:25:07.788908367.csv
test-2018-04-10 17:25:07.788908367~2018-04-10 17:40:10.696993438.csv
test-2018-04-10 17:40:10.696993438~2018-04-10 17:55:28.086265791.csv
test-2018-04-10 17:55:28.086265791~2018-04-10 18:11:19.001550563.csv
test-2018-04-10 18:11:19.001550563~2018-04-10 18:26:28.797812595.csv
test-2018-04-10 18:26:28.797812595~2018-04-10 18:41:29.403267309.csv
test-2018-04-10 18:41:29.403267309~2018-04-10 18:56:34.254861688.csv
test-2018-04-10 18:56:34.254861688~2018-04-10 19:13:06.000920583.csv
test-2018-04-10 19:13:06.000920583~2018-04-10 19:28:10.538101836.csv
test-2018-04-10 19:28:10.538101836~2018-04-10 19:43:46.590277011.csv
test-2018-04-10 19:43:46.590277011~2018-04-10 19:58:53.612322005.csv
test-2018-04-10 19:58:53.612322005~2018-04-10 20:14:25.002176520.csv
test-2018-04-10 20:14:25.002176520~2018-04-10 20:29:54.842736774.csv
test-2018-04-10 20:29:54.842736774~2018-04-10 20:44:56.000936918.csv
test-2018-04-10 20:44:56.000936918~2018-04-10 21:00:34.001382166.csv
test-2018-04-10 21:00:34.001382166~2018-04-10 21:15:39.001744679.csv
test-2018-04-10 21:15:39.001744679~2018-04-10 21:31:54.002172109.csv
test-2018-04-10 21:31:54.002172109~2018-04-10 21:47:23.595595905.csv
test-2018-04-10 21:47:23.595595905~2018-04-10 22:02:33.674750077.csv
test-2018-04-10 22:02:33.674750077~2018-04-10 22:17:39.001971200.csv
test-2018-04-10 22:17:39.001971200~2018-04-10 22:33:47.001880053.csv
test-2018-04-10 22:33:47.001880053~2018-04-10 22:48:55.408703546.csv
test-2018-04-10 22:48:55.408703546~2018-04-10 23:04:06.589072028.csv
test-2018-04-10 23:04:06.589072028~2018-04-10 23:19:40.002040646.csv
test-2018-04-10 23:19:40.002040646~2018-04-10 23:35:10.001958934.csv
test-2018-04-10 23:35:10.001958934~2018-04-10 23:51:02.634481457.csv
test-2018-04-11 00:00:00.001151329~2018-04-11 00:16:04.002168107.csv
test-2018-04-11 00:16:04.002168107~2018-04-11 00:32:05.001113670.csv
test-2018-04-11 00:32:05.001113670~2018-04-11 00:48:24.001543460.csv
test-2018-04-11 00:48:24.001543460~2018-04-11 01:04:45.644985821.csv
test-2018-04-11 01:04:45.644985821~2018-04-11 01:20:48.001106211.csv
test-2018-04-11 01:20:48.001106211~2018-04-11 01:37:04.001327205.csv
test-2018-04-11 01:37:04.001327205~2018-04-11 01:53:19.001495197.csv
test-2018-04-11 01:53:19.001495197~2018-04-11 02:09:42.002259942.csv
test-2018-04-11 02:09:42.002259942~2018-04-11 02:25:49.001357931.csv
test-2018-04-11 02:25:49.001357931~2018-04-11 02:42:02.674667724.csv
test-2018-04-11 02:42:02.674667724~2018-04-11 02:58:15.001427939.csv
test-2018-04-11 02:58:15.001427939~2018-04-11 03:14:37.001431865.csv
test-2018-04-11 03:14:37.001431865~2018-04-11 03:30:41.001858246.csv
test-2018-04-11 03:30:41.001858246~2018-04-11 03:47:02.001524239.csv
test-2018-04-11 03:47:02.001524239~2018-04-11 04:03:03.001347735.csv
test-2018-04-11 04:03:03.001347735~2018-04-11 04:19:09.001922456.csv
test-2018-04-11 04:19:09.001922456~2018-04-11 04:35:11.589911507.csv
test-2018-04-11 04:35:11.589911507~2018-04-11 04:51:20.002410390.csv
test-2018-04-11 04:51:20.002410390~2018-04-11 05:07:46.515806416.csv
test-2018-04-11 05:07:46.515806416~2018-04-11 05:23:53.001674239.csv
test-2018-04-11 05:23:53.001674239~2018-04-11 05:40:04.002440582.csv
test-2018-04-11 05:40:04.002440582~2018-04-11 05:56:19.001844547.csv
test-2018-04-11 05:56:19.001844547~2018-04-11 06:12:44.001607361.csv
test-2018-04-11 06:12:44.001607361~2018-04-11 06:28:37.001379905.csv
test-2018-04-11 06:28:37.001379905~2018-04-11 06:44:56.001939571.csv
test-2018-04-11 06:44:56.001939571~2018-04-11 07:01:12.001297786.csv
test-2018-04-11 07:01:12.001297786~2018-04-11 07:17:05.001774853.csv
test-2018-04-11 07:17:05.001774853~2018-04-11 07:32:29.001244781.csv
test-2018-04-11 07:32:29.001244781~2018-04-11 07:47:30.002328993.csv
test-2018-04-11 07:47:30.002328993~2018-04-11 08:04:08.001713067.csv
test-2018-04-11 08:04:08.001713067~2018-04-11 08:19:18.501232201.csv
test-2018-04-11 08:19:18.501232201~2018-04-11 08:34:41.091172849.csv
test-2018-04-11 08:34:41.091172849~2018-04-11 08:51:12.001146997.csv
test-2018-04-11 08:51:12.001146997~2018-04-11 09:06:24.247047617.csv
test-2018-04-11 09:06:24.247047617~2018-04-11 09:23:00.001329859.csv
test-2018-04-11 09:23:00.001329859~2018-04-11 09:38:09.363381923.csv
test-2018-04-11 09:38:09.363381923~2018-04-11 09:53:20.215550351.csv
test-2018-04-11 09:53:20.215550351~2018-04-11 10:08:21.101237294.csv
test-2018-04-11 10:08:21.101237294~2018-04-11 10:23:22.524348323.csv
test-2018-04-11 10:23:22.524348323~2018-04-11 10:38:24.413173612.csv
test-2018-04-11 10:38:24.413173612~2018-04-11 10:53:24.528515962.csv
test-2018-04-11 10:53:24.528515962~2018-04-11 11:08:25.002242134.csv
test-2018-04-11 11:08:25.002242134~2018-04-11 11:23:28.450028304.csv
test-2018-04-11 11:23:28.450028304~2018-04-11 11:38:35.700983820.csv
test-2018-04-11 11:38:35.700983820~2018-04-11 11:54:26.002092132.csv
test-2018-04-11 11:54:26.002092132~2018-04-11 12:09:27.849248785.csv
test-2018-04-11 12:09:27.849248785~2018-04-11 12:24:29.537354397.csv
test-2018-04-11 12:24:29.537354397~2018-04-11 12:40:40.001932388.csv
test-2018-04-11 12:40:40.001932388~2018-04-11 12:55:55.002008387.csv
test-2018-04-11 12:55:55.002008387~2018-04-11 13:11:13.001913077.csv
test-2018-04-11 13:11:13.001913077~2018-04-11 13:26:40.002400201.csv
test-2018-04-11 13:26:40.002400201~2018-04-11 13:41:59.957227471.csv
test-2018-04-11 13:41:59.957227471~2018-04-11 13:57:04.138342417.csv
test-2018-04-11 13:57:04.138342417~2018-04-11 14:12:09.372324566.csv
test-2018-04-11 14:12:09.372324566~2018-04-11 14:27:18.382185137.csv
test-2018-04-11 14:27:18.382185137~2018-04-11 14:43:23.001963792.csv
test-2018-04-11 14:43:23.001963792~2018-04-11 14:59:21.001962648.csv
test-2018-04-11 14:59:21.001962648~2018-04-11 15:15:17.002068917.csv
test-2018-04-11 15:15:17.002068917~2018-04-11 15:30:41.955548704.csv
test-2018-04-11 15:30:41.955548704~2018-04-11 15:46:41.856574362.csv
test-2018-04-11 15:46:41.856574362~2018-04-11 16:02:44.001206950.csv
test-2018-04-11 16:02:44.001206950~2018-04-11 16:18:05.001253802.csv
test-2018-04-11 16:18:05.001253802~2018-04-11 16:33:44.726729382.csv
test-2018-04-11 16:33:44.726729382~2018-04-11 16:49:05.002038379.csv
test-2018-04-11 16:49:05.002038379~2018-04-11 17:04:27.382576329.csv
test-2018-04-11 17:04:27.382576329~2018-04-11 17:20:08.002125424.csv
test-2018-04-11 17:20:08.002125424~2018-04-11 17:35:20.743748198.csv
test-2018-04-11 17:35:20.743748198~2018-04-11 17:50:22.823750210.csv
test-2018-04-11 17:50:22.823750210~2018-04-11 18:05:29.052311828.csv
test-2018-04-11 18:05:29.052311828~2018-04-11 18:20:56.830067634.csv
test-2018-04-11 18:20:56.830067634~2018-04-11 18:35:56.902974914.csv
test-2018-04-11 18:35:56.902974914~2018-04-11 18:52:02.717069626.csv
test-2018-04-11 18:52:02.717069626~2018-04-11 19:07:51.594725188.csv
test-2018-04-11 19:07:51.594725188~2018-04-11 19:23:48.001302278.csv
test-2018-04-11 19:23:48.001302278~2018-04-11 19:40:09.002237053.csv
test-2018-04-11 19:40:09.002237053~2018-04-11 19:56:51.001246046.csv
test-2018-04-11 19:56:51.001246046~2018-04-11 20:13:22.001252155.csv
test-2018-04-11 20:13:22.001252155~2018-04-11 20:29:02.001629765.csv
test-2018-04-11 20:29:02.001629765~2018-04-11 20:45:02.596461932.csv
test-2018-04-11 20:45:02.596461932~2018-04-11 21:00:19.001399879.csv
test-2018-04-11 21:00:19.001399879~2018-04-11 21:15:32.002240985.csv
test-2018-04-11 21:15:32.002240985~2018-04-11 21:31:09.001894650.csv
test-2018-04-11 21:31:09.001894650~2018-04-11 21:46:10.842732324.csv
test-2018-04-11 21:46:10.842732324~2018-04-11 22:01:17.483005957.csv
test-2018-04-11 22:01:17.483005957~2018-04-11 22:16:34.001944080.csv
test-2018-04-11 22:16:34.001944080~2018-04-11 22:31:52.515972187.csv
test-2018-04-11 22:31:52.515972187~2018-04-11 22:48:22.001776842.csv
test-2018-04-11 22:48:22.001776842~2018-04-11 23:03:24.001719514.csv
test-2018-04-11 23:03:24.001719514~2018-04-11 23:18:37.583507808.csv
test-2018-04-11 23:18:37.583507808~2018-04-11 23:34:29.002073189.csv
test-2018-04-11 23:34:29.002073189~2018-04-11 23:50:39.001089977.csv

Computing edge embeddings:   0%|          | 0/194 [00:00<?, ?it/s]
Computing edge embeddings:   0%|          | 0/194 [00:00<?, ?it/s]
Traceback (most recent call last):
  File "/home/tbilot/summer-project/src/benchmark.py", line 59, in <module>
    main(cfg)
  File "/home/tbilot/summer-project/src/benchmark.py", line 44, in main
    embed_edges.main(cfg)
  File "/home/tbilot/summer-project/src/featurization/embed_edges.py", line 81, in main
    gen_vectorized_graphs(node2higvec=node2higvec,
  File "/home/tbilot/summer-project/src/featurization/embed_edges.py", line 43, in gen_vectorized_graphs
    torch.from_numpy(node2higvec[graph.nodes[u]['label']]),
KeyError: 94503
YAML configuration file "kairos_plus_plus.yml" is valid
Task dependency graph is valid: ['build_graphs', 'build_random_walks', 'embed_nodes', 'embed_edges', 'gnn_training', 'gnn_testing', 'node_evaluation']

Final configuration:
{ '_artifact_dir': '/data1/tbilot/artifact_new/',
  '_force_restart': '',
  '_ground_truth_dir': '/data1/bxjiang/DARPA-ground-truth-main/',
  '_subtasks_should_restart': [ ('build_graphs', False),
                                ('build_random_walks', False),
                                ('embed_nodes', False),
                                ('embed_edges', False),
                                ('gnn_training', True),
                                ('gnn_testing', True),
                                ('node_evaluation', True)],
  '_subtasks_should_restart_with_deps': [ ('build_graphs', False),
                                          ('build_random_walks', False),
                                          ('embed_nodes', False),
                                          ('embed_edges', False),
                                          ('gnn_training', True),
                                          ('gnn_testing', True),
                                          ('node_evaluation', True)],
  'database': { 'host': 'nerds08.cs.ubc.ca',
                'password': 'psql@systopia',
                'port': '5432',
                'user': 'postgres'},
  'dataset': { 'database': 'theia_e3',
               'ground_truth_relative_path': 'E3-THEIA/Theia-e3-04-10-Firefox_Backdoor_Drakon_In_Memory_nodes.txt',
               'max_node_num': 828313,
               'name': 'THEIA_E3',
               'start_end_day_range': (2, 14),
               'test_files': ['graph_10', 'graph_11'],
               'train_files': ['graph_3', 'graph_4', 'graph_5'],
               'val_files': ['graph_9'],
               'year_month': '2018-04'},
  'detection': { 'gnn_testing': { '_edge_losses_dir': '/data1/tbilot/artifact_new/detection/gnn_testing/threshold_method=str/THEIA_E3/edge_losses/',
                                  '_logs_dir': '/data1/tbilot/artifact_new/detection/gnn_testing/threshold_method=str/THEIA_E3/logs/',
                                  '_task_path': '/data1/tbilot/artifact_new/detection/gnn_testing/threshold_method=str/THEIA_E3',
                                  'restart_args': None,tgn_memory_dim
                                  'threshold_method': 'str'},tgn_memory_dim
                 'gnn_training': { '_logs_dir': '/data1/tbilot/artifact_new/detection/gnn_training/num_epochs=50,lr=1e-06,weight_decay=0.01,node_hid_dim=64,node_out_dim=64,tgn_batch_size=1024,tgn_node_stgn_memory_dimime_dim=100,tgn_neighbor_size=20/THEIA_E3/logs/',
                                   '_task_path': '/data1/tbilot/artifact_new/detection/gnn_training/num_epochs=50,lr=1e-06,weight_decay=0.01,node_hid_dim=64,node_out_dim=64,tgn_batch_size=1024,tgn_node_state_dim=100,tgn_time_dim=100,tgn_neighbor_size=20/THEIA_E3',
                                   '_trained_models_dir': '/data1/tbilot/artifact_new/detection/gnn_training/num_epochs=50,lr=1e-06,weight_decay=0.01,node_hid_dim=64,node_out_dim=64,tgn_batch_size=1024,tgn_node_state_dim=100,tgn_time_dim=100,tgn_neighbor_size=20/THEIA_E3/trained_models/',
                                   'decoder': { 'node_recon_MLP': { 'recon_hid_dim': 100,
                                                                    'recon_use_bias': True}},
                                   'encoder': { 'tgn': { 'tgn_memory_dim024,
                                                         'tgn_neighbor_size': 20,
                                                         'tgn_node_state_dim': 100,
                                                         'tgn_time_dim': 100}},
                                   'lr': 1e-06,
                                   'node_dropout': 0.0,
                                   'node_hid_dim': 64,
                                   'node_out_dim': 64,
                                   'num_epochs': 50,
                                   'restart_args': None,
                                   'weight_decay': 0.01},
                 'node_evaluation': { '_logs_dir': '/data1/tbilot/artifact_new/detection/node_evaluation/threshold_method=max_val_loss,use_dst_node_loss=True,use_mean_node_loss=False/THEIA_E3/logs/',
                                      '_precision_recall_dir': '/data1/tbilot/artifact_new/detection/node_evaluation/threshold_method=max_val_loss,use_dst_node_loss=True,use_mean_node_loss=False/THEIA_E3/precision_recall_dir/',
                                      '_task_path': '/data1/tbilot/artifact_new/detection/node_evaluation/threshold_method=max_val_loss,use_dst_node_loss=True,use_mean_node_loss=False/THEIA_E3',
                                      'restart_args': None,
                                      'threshold_method': 'max_val_loss',
                                      'use_dst_node_loss': True,
                                      'use_mean_node_loss': False}},
  'featurization': { 'build_random_walks': { '_logs_dir': '/data1/tbilot/artifact_new/featurization/THEIA_E3/build_random_walks/walk_length=30,num_walks=10/logs/',
                                             '_random_walk_corpus_dir': '/data1/tbilot/artifact_new/featurization/THEIA_E3/build_random_walks/walk_length=30,num_walks=10/random_walks/random_walk_corpus/',
                                             '_random_walk_dir': '/data1/tbilot/artifact_new/featurization/THEIA_E3/build_random_walks/walk_length=30,num_walks=10/random_walks/',
                                             '_task_path': '/data1/tbilot/artifact_new/featurization/THEIA_E3/build_random_walks/walk_length=30,num_walks=10',
                                             'num_walks': 10,
                                             'restart_args': None,
                                             'walk_length': 30},
                     'embed_edges': { '_edge_embeds_dir': '/data1/tbilot/artifact_new/featurization/THEIA_E3/embed_edges/include_edge_type=True/edge_embeds/',
                                      '_logs_dir': '/data1/tbilot/artifact_new/featurization/THEIA_E3/embed_edges/include_edge_type=True/logs/',
                                      '_task_path': '/data1/tbilot/artifact_new/featurization/THEIA_E3/embed_edges/include_edge_type=True',
                                      'include_edge_type': True,
                                      'restart_args': None},
                     'embed_nodes': { '_logs_dir': '/data1/tbilot/artifact_new/featurization/THEIA_E3/embed_nodes/emb_dim=128,context_window_size=5,min_count=0,use_skip_gram=True,add_paths=False/logs/',
                                      '_task_path': '/data1/tbilot/artifact_new/featurization/THEIA_E3/embed_nodes/emb_dim=128,context_window_size=5,min_count=0,use_skip_gram=True,add_paths=False',
                                      '_vec_graphs_dir': '/data1/tbilot/artifact_new/featurization/THEIA_E3/embed_nodes/emb_dim=128,context_window_size=5,min_count=0,use_skip_gram=True,add_paths=False/vectorized/',
                                      'add_paths': False,
                                      'compute_loss': True,
                                      'context_window_size': 5,
                                      'emb_dim': 128,
                                      'epochs': 5,
                                      'min_count': 0,
                                      'num_workers': 6,
                                      'restart_args': None,
                                      'use_skip_gram': True}},
  'postprocessing': CfgNode({'_task_path': None}),
  'preprocessing': { 'build_graphs': { '_graphs_dir': '/data1/tbilot/artifact_new/preprocessing/THEIA_E3/build_graphs/time_window_size=15/nx/',
                                       '_logs_dir': '/data1/tbilot/artifact_new/preprocessing/THEIA_E3/build_graphs/time_window_size=15/logs/',
                                       '_task_path': '/data1/tbilot/artifact_new/preprocessing/THEIA_E3/build_graphs/time_window_size=15',
                                       'restart_args': None,
                                       'time_window_size': 15}},
  'triage': CfgNode({'_task_path': None})}

****************************************************************************************************
Tasks modified since last runs:
build_graphs(False)  =>  build_random_walks(False)  =>  embed_nodes(False)  =>  embed_edges(False)  =>  gnn_training(True)  =>  gnn_testing(True)  =>  node_evaluation(True)

Tasks requiring re-execution:
build_graphs(False)  =>  build_random_walks(False)  =>  embed_nodes(False)  =>  embed_edges(False)  =>  gnn_training(True)  =>  gnn_testing(True)  =>  node_evaluation(True)
****************************************************************************************************


  0%|          | 0/50 [00:00<?, ?it/s]
  2%|▏         | 1/50 [05:24<4:25:17, 324.84s/it]
  4%|▍         | 2/50 [10:50<4:20:19, 325.40s/it]
  6%|▌         | 3/50 [16:18<4:15:45, 326.50s/it]
  8%|▊         | 4/50 [21:46<4:10:51, 327.20s/it]
 10%|█         | 5/50 [27:21<4:07:19, 329.76s/it]
 12%|█▏        | 6/50 [32:53<4:02:24, 330.55s/it]
 14%|█▍        | 7/50 [38:28<3:57:59, 332.07s/it]
 16%|█▌        | 8/50 [44:04<3:53:28, 333.55s/it]
 18%|█▊        | 9/50 [49:45<3:49:26, 335.78s/it]
 20%|██        | 10/50 [55:33<3:46:20, 339.52s/it]
 22%|██▏       | 11/50 [1:01:16<3:41:26, 340.68s/it]
 24%|██▍       | 12/50 [1:07:01<3:36:28, 341.79s/it]
 26%|██▌       | 13/50 [1:12:43<3:30:48, 341.85s/it] 28%|██▊       | 14/50 [1:18:29<3:25:55, 343.20s/it] 30%|███       | 15/50 [1:24:22<3:21:51, 346.05s/it] 32%|███▏      | 16/50 [1:30:11<3:16:39, 347.03s/it] 34%|███▍      | 17/50 [1:36:22<3:14:47, 354.17s/it] 36%|███▌      | 18/50 [1:42:29<3:10:56, 358.03s/it] 38%|███▊      | 19/50 [1:48:33<3:05:55, 359.85s/it] 40%|████      | 20/50 [1:54:41<3:01:05, 362.19s/it] 42%|████▏     | 21/50 [2:00:42<2:55:00, 362.07s/it] 44%|████▍     | 22/50 [2:06:32<2:47:16, 358.44s/it] 46%|████▌     | 23/50 [2:12:26<2:40:42, 357.15s/it] 48%|████▊     | 24/50 [2:18:31<2:35:40, 359.23s/it] 50%|█████     | 25/50 [2:24:40<2:30:54, 362.17s/it] 52%|█████▏    | 26/50 [2:30:38<2:24:26, 361.12s/it] 54%|█████▍    | 27/50 [2:36:43<2:18:48, 362.12s/it] 56%|█████▌    | 28/50 [2:43:11<2:15:39, 369.99s/it] 58%|█████▊    | 29/50 [2:49:47<2:12:13, 377.78s/it] 60%|██████    | 30/50 [2:56:25<2:07:56, 383.84s/it] 62%|██████▏   | 31/50 [3:02:56<2:02:16, 386.14s/it] 64%|██████▍   | 32/50 [3:09:03<1:54:03, 380.18s/it] 66%|██████▌   | 33/50 [3:15:10<1:46:35, 376.19s/it] 68%|██████▊   | 34/50 [3:21:19<1:39:48, 374.30s/it] 70%|███████   | 35/50 [3:27:35<1:33:38, 374.56s/it] 72%|███████▏  | 36/50 [3:33:41<1:26:50, 372.17s/it] 74%|███████▍  | 37/50 [3:39:48<1:20:16, 370.48s/it] 76%|███████▌  | 38/50 [3:45:50<1:13:34, 367.86s/it] 78%|███████▊  | 39/50 [3:51:54<1:07:14, 366.81s/it] 80%|████████  | 40/50 [3:58:18<1:02:00, 372.07s/it] 82%|████████▏ | 41/50 [4:04:38<56:09, 374.43s/it]   84%|████████▍ | 42/50 [4:10:58<50:07, 375.92s/it] 86%|████████▌ | 43/50 [4:17:26<44:17, 379.71s/it] 88%|████████▊ | 44/50 [4:23:59<38:22, 383.81s/it] 90%|█████████ | 45/50 [4:30:40<32:23, 388.71s/it] 92%|█████████▏| 46/50 [4:37:12<25:58, 389.74s/it] 94%|█████████▍| 47/50 [4:43:46<19:33, 391.15s/it] 96%|█████████▌| 48/50 [4:50:31<13:10, 395.27s/it] 98%|█████████▊| 49/50 [4:57:20<06:39, 399.29s/it]100%|██████████| 50/50 [5:04:25<00:00, 407.22s/it]100%|██████████| 50/50 [5:04:25<00:00, 365.32s/it]
Testing with model model_epoch5.pt...
    Testing val set... (files into /data1/tbilot/artifact_new/featurization/THEIA_E3/embed_edges/include_edge_type=True/edge_embeds/val)
  0%|          | 0/33 [00:00<?, ?it/s]  0%|          | 0/33 [00:06<?, ?it/s]
Traceback (most recent call last):
  File "/home/tbilot/summer-project/src/benchmark.py", line 59, in <module>
    main(cfg)
  File "/home/tbilot/summer-project/src/benchmark.py", line 50, in main
    gnn_testing.main(cfg)
  File "/home/tbilot/summer-project/src/detection/gnn_testing.py", line 312, in main
    _, memory, neighbor_loader = test_tw(inference_data=g,
  File "/home/tbilot/miniconda3/envs/provnet/lib/python3.9/site-packages/torch/autograd/grad_mode.py", line 27, in decorate_context
    return func(*args, **kwargs)
  File "/home/tbilot/summer-project/src/detection/gnn_testing.py", line 55, in test_tw
    batch_size = cfg.detection.gnn_training.tgn_batch_size
  File "/home/tbilot/miniconda3/envs/provnet/lib/python3.9/site-packages/yacs/config.py", line 141, in __getattr__
    raise AttributeError(name)
AttributeError: tgn_batch_size
